c:\users\praveen t c\source\repos\vishaltask\vishaltask\debug\vc142.pdb
c:\users\praveen t c\source\repos\vishaltask\vishaltask\debug\vc142.idb
c:\users\praveen t c\source\repos\vishaltask\vishaltask\debug\customer.obj
c:\users\praveen t c\source\repos\vishaltask\vishaltask\debug\main.obj
c:\users\praveen t c\source\repos\vishaltask\vishaltask\debug\customerc.obj
c:\users\praveen t c\source\repos\vishaltask\vishaltask\debug\customerb.obj
c:\users\praveen t c\source\repos\vishaltask\vishaltask\debug\customera.obj
c:\users\praveen t c\source\repos\vishaltask\vishaltask\debug\customer1.obj
c:\users\praveen t c\source\repos\vishaltask\vishaltask\debug\customer2.obj
c:\users\praveen t c\source\repos\vishaltask\vishaltask\debug\customer3.obj
c:\users\praveen t c\source\repos\vishaltask\debug\vishaltask.pdb
c:\users\praveen t c\source\repos\vishaltask\vishaltask\debug\vishaltask.tlog\cl.command.1.tlog
c:\users\praveen t c\source\repos\vishaltask\vishaltask\debug\vishaltask.tlog\cl.read.1.tlog
c:\users\praveen t c\source\repos\vishaltask\vishaltask\debug\vishaltask.tlog\cl.write.1.tlog
c:\users\praveen t c\source\repos\vishaltask\vishaltask\debug\vishaltask.tlog\link.19788-cvtres.read.1.tlog
c:\users\praveen t c\source\repos\vishaltask\vishaltask\debug\vishaltask.tlog\link.19788-cvtres.write.1.tlog
c:\users\praveen t c\source\repos\vishaltask\vishaltask\debug\vishaltask.tlog\link.19788-rc.read.1.tlog
c:\users\praveen t c\source\repos\vishaltask\vishaltask\debug\vishaltask.tlog\link.19788-rc.write.1.tlog
c:\users\praveen t c\source\repos\vishaltask\vishaltask\debug\vishaltask.tlog\link.19788.read.1.tlog
c:\users\praveen t c\source\repos\vishaltask\vishaltask\debug\vishaltask.tlog\link.19788.write.1.tlog
c:\users\praveen t c\source\repos\vishaltask\vishaltask\debug\vishaltask.tlog\link.command.1.tlog
c:\users\praveen t c\source\repos\vishaltask\vishaltask\debug\vishaltask.tlog\link.read.1.tlog
c:\users\praveen t c\source\repos\vishaltask\vishaltask\debug\vishaltask.tlog\link.write.1.tlog
